2025-05-14 21:20:26,646 - DEBUG:__main__:Key pressed: b'\xe0'
2025-05-14 21:20:26,646 - DEBUG:__main__:Extended key: b'P'
2025-05-14 21:20:26,838 - DEBUG:__main__:Key pressed: b'\xe0'
2025-05-14 21:20:26,838 - DEBUG:__main__:Extended key: b'P'
2025-05-14 21:20:27,220 - DEBUG:__main__:Key pressed: b'\xe0'
2025-05-14 21:20:27,221 - DEBUG:__main__:Extended key: b'P'
2025-05-14 21:20:27,581 - DEBUG:__main__:Key pressed: b'\r'
2025-05-14 21:20:27,581 - DEBUG:__main__:Selected option: Delete Character (index 3)
2025-05-14 21:20:27,581 - DEBUG:__main__:Main menu selected: Delete Character (index 3)
2025-05-14 21:20:27,581 - DEBUG:dnd_adventure.dnd35e.core.save_manager:Listed saves: []
2025-05-14 21:20:28,587 - DEBUG:__main__:Key pressed: b'\r'
2025-05-14 21:20:28,593 - DEBUG:__main__:Selected option: Return to Main Menu (index 0)
2025-05-14 21:20:29,203 - DEBUG:__main__:Key pressed: b'\r'
2025-05-14 21:20:29,203 - DEBUG:__main__:Selected option: Start New Game (index 0)
2025-05-14 21:20:29,203 - DEBUG:__main__:Main menu selected: Start New Game (index 0)
2025-05-14 21:20:31,527 - DEBUG:__main__:Initializing game for player: Vaz, require_character=True
2025-05-14 21:20:31,528 - DEBUG:dnd_adventure.dnd35e.core.world:Loaded 1 location templates
2025-05-14 21:20:31,528 - DEBUG:dnd_adventure.dnd35e.core.data_loader:Attempting to load races from C:\Users\Vaz\Desktop\dnd_adventure\dnd_adventure\dnd35e\core\data\races.json
2025-05-14 21:20:31,528 - DEBUG:dnd_adventure.dnd35e.core.data_loader:Loaded 14 races from JSON
2025-05-14 21:20:31,528 - DEBUG:dnd_adventure.dnd35e.core.world:Loaded races via DataLoader: ['Human', 'Elf', 'Dwarf', 'Gnome', 'Half-Elf', 'Half-Orc', 'Halfling', 'Goblin', 'Kobold', 'Orc', 'Shifter', 'Warforged', 'Aasimar', 'Tiefling']
2025-05-14 21:20:31,528 - DEBUG:dnd_adventure.dnd35e.core.data_loader:Attempting to load classes from C:\Users\Vaz\Desktop\dnd_adventure\dnd_adventure\dnd35e\core\data\classes.json
2025-05-14 21:20:31,528 - DEBUG:dnd_adventure.dnd35e.core.data_loader:Loaded 11 classes from JSON
2025-05-14 21:20:31,528 - DEBUG:dnd_adventure.dnd35e.core.world:Loaded classes: ['Barbarian', 'Bard', 'Cleric', 'Druid', 'Fighter', 'Monk', 'Paladin', 'Ranger', 'Rogue', 'Sorcerer', 'Wizard']
2025-05-14 21:20:31,529 - DEBUG:dnd_adventure.dnd35e.core.world:Generated 5 random locations: ['musty cave', 'The a strange glow of hall', 'musty room', 'cold cave', 'cold cave']
2025-05-14 21:20:31,529 - DEBUG:dnd_adventure.dnd35e.core.world:Monster pool empty, using default Goblin
2025-05-14 21:20:31,529 - DEBUG:dnd_adventure.dnd35e.core.world:Adding 1 monsters to room: musty cave
2025-05-14 21:20:31,529 - DEBUG:dnd_adventure.dnd35e.core.world:Added monster: Goblin to room: musty cave
2025-05-14 21:20:31,529 - DEBUG:dnd_adventure.dnd35e.core.world:Adding 3 monsters to room: The a strange glow of hall
2025-05-14 21:20:31,529 - DEBUG:dnd_adventure.dnd35e.core.world:Added monster: Goblin to room: The a strange glow of hall
2025-05-14 21:20:31,529 - DEBUG:dnd_adventure.dnd35e.core.world:Added monster: Goblin to room: The a strange glow of hall
2025-05-14 21:20:31,529 - DEBUG:dnd_adventure.dnd35e.core.world:Added monster: Goblin to room: The a strange glow of hall
2025-05-14 21:20:31,529 - DEBUG:dnd_adventure.dnd35e.core.world:Adding 3 monsters to room: musty room
2025-05-14 21:20:31,529 - DEBUG:dnd_adventure.dnd35e.core.world:Added monster: Goblin to room: musty room
2025-05-14 21:20:31,529 - DEBUG:dnd_adventure.dnd35e.core.world:Added monster: Goblin to room: musty room
2025-05-14 21:20:31,529 - DEBUG:dnd_adventure.dnd35e.core.world:Added monster: Goblin to room: musty room
2025-05-14 21:20:31,529 - DEBUG:dnd_adventure.dnd35e.core.world:Adding 3 monsters to room: cold cave
2025-05-14 21:20:31,529 - DEBUG:dnd_adventure.dnd35e.core.world:Added monster: Goblin to room: cold cave
2025-05-14 21:20:31,529 - DEBUG:dnd_adventure.dnd35e.core.world:Added monster: Goblin to room: cold cave
2025-05-14 21:20:31,529 - DEBUG:dnd_adventure.dnd35e.core.world:Added monster: Goblin to room: cold cave
2025-05-14 21:20:31,529 - DEBUG:dnd_adventure.dnd35e.core.world:Adding 3 monsters to room: cold cave
2025-05-14 21:20:31,529 - DEBUG:dnd_adventure.dnd35e.core.world:Added monster: Goblin to room: cold cave
2025-05-14 21:20:31,529 - DEBUG:dnd_adventure.dnd35e.core.world:Added monster: Goblin to room: cold cave
2025-05-14 21:20:31,529 - DEBUG:dnd_adventure.dnd35e.core.world:Added monster: Goblin to room: cold cave
2025-05-14 21:20:31,529 - DEBUG:dnd_adventure.dnd35e.core.world:Retrieved room 0: cold cave, exits={'east': 1, 'south': 3}
2025-05-14 21:20:31,529 - DEBUG:dnd_adventure.dnd35e.core.world:Generated world with 5 rooms
2025-05-14 21:20:31,529 - DEBUG:dnd_adventure.dnd35e.core.data_loader:Attempting to load races from C:\Users\Vaz\Desktop\dnd_adventure\dnd_adventure\dnd35e\core\data\races.json
2025-05-14 21:20:31,529 - DEBUG:dnd_adventure.dnd35e.core.data_loader:Loaded 14 races from JSON
2025-05-14 21:20:31,529 - DEBUG:dnd_adventure.dnd35e.core.data_loader:Attempting to load classes from C:\Users\Vaz\Desktop\dnd_adventure\dnd_adventure\dnd35e\core\data\classes.json
2025-05-14 21:20:31,530 - DEBUG:dnd_adventure.dnd35e.core.data_loader:Loaded 11 classes from JSON
2025-05-14 21:20:31,530 - DEBUG:dnd_adventure.dnd35e.core.world:Loaded classes: ['Barbarian', 'Bard', 'Cleric', 'Druid', 'Fighter', 'Monk', 'Paladin', 'Ranger', 'Rogue', 'Sorcerer', 'Wizard']
2025-05-14 21:20:31,530 - DEBUG:__main__:Classes loaded in Game.__init__: ['Barbarian', 'Bard', 'Cleric', 'Druid', 'Fighter', 'Monk', 'Paladin', 'Ranger', 'Rogue', 'Sorcerer', 'Wizard']
2025-05-14 21:20:31,530 - DEBUG:__main__:Starting character creation for Vaz
2025-05-14 21:20:32,762 - DEBUG:__main__:Key pressed: b'\xe0'
2025-05-14 21:20:32,762 - DEBUG:__main__:Extended key: b'P'
2025-05-14 21:20:33,147 - DEBUG:__main__:Key pressed: b'\xe0'
2025-05-14 21:20:33,147 - DEBUG:__main__:Extended key: b'P'
2025-05-14 21:20:33,379 - DEBUG:__main__:Key pressed: b'\xe0'
2025-05-14 21:20:33,379 - DEBUG:__main__:Extended key: b'P'
2025-05-14 21:20:33,791 - DEBUG:__main__:Key pressed: b'\xe0'
2025-05-14 21:20:33,792 - DEBUG:__main__:Extended key: b'P'
2025-05-14 21:20:35,784 - DEBUG:__main__:Key pressed: b'\xe0'
2025-05-14 21:20:35,784 - DEBUG:__main__:Extended key: b'H'
2025-05-14 21:20:39,131 - DEBUG:__main__:Key pressed: b'\xe0'
2025-05-14 21:20:39,131 - DEBUG:__main__:Extended key: b'P'
2025-05-14 21:20:40,524 - DEBUG:__main__:Key pressed: b'\xe0'
2025-05-14 21:20:40,524 - DEBUG:__main__:Extended key: b'H'
2025-05-14 21:20:40,848 - DEBUG:__main__:Key pressed: b'\xe0'
2025-05-14 21:20:40,848 - DEBUG:__main__:Extended key: b'H'
2025-05-14 21:20:41,223 - DEBUG:__main__:Key pressed: b'\xe0'
2025-05-14 21:20:41,223 - DEBUG:__main__:Extended key: b'P'
2025-05-14 21:20:41,736 - DEBUG:__main__:Key pressed: b'\xe0'
2025-05-14 21:20:41,736 - DEBUG:__main__:Extended key: b'H'
2025-05-14 21:20:41,977 - DEBUG:__main__:Key pressed: b'\xe0'
2025-05-14 21:20:41,977 - DEBUG:__main__:Extended key: b'H'
2025-05-14 21:20:42,411 - DEBUG:__main__:Key pressed: b'\r'
2025-05-14 21:20:42,411 - DEBUG:__main__:Selected option: Elf (index 1)
2025-05-14 21:20:42,411 - DEBUG:__main__:Selected race: Elf
2025-05-14 21:20:42,886 - DEBUG:__main__:Key pressed: b'\xe0'
2025-05-14 21:20:42,886 - DEBUG:__main__:Extended key: b'P'
2025-05-14 21:20:43,402 - DEBUG:__main__:Key pressed: b'\r'
2025-05-14 21:20:43,402 - DEBUG:__main__:Selected option: Wood Elf (index 1)
2025-05-14 21:20:43,403 - DEBUG:__main__:Selected subrace: Wood Elf
2025-05-14 21:20:43,403 - DEBUG:__main__:Available classes in select_class: ['Barbarian', 'Bard', 'Cleric', 'Druid', 'Fighter', 'Monk', 'Paladin', 'Ranger', 'Rogue', 'Sorcerer', 'Wizard']
2025-05-14 21:20:44,235 - DEBUG:__main__:Key pressed: b'\xe0'
2025-05-14 21:20:44,235 - DEBUG:__main__:Extended key: b'P'
2025-05-14 21:20:44,636 - DEBUG:__main__:Key pressed: b'\xe0'
2025-05-14 21:20:44,636 - DEBUG:__main__:Extended key: b'P'
2025-05-14 21:20:45,145 - DEBUG:__main__:Key pressed: b'\xe0'
2025-05-14 21:20:45,145 - DEBUG:__main__:Extended key: b'P'
2025-05-14 21:20:45,177 - DEBUG:__main__:Key pressed: b'\xe0'
2025-05-14 21:20:45,177 - DEBUG:__main__:Extended key: b'P'
2025-05-14 21:20:45,208 - DEBUG:__main__:Key pressed: b'\xe0'
2025-05-14 21:20:45,208 - DEBUG:__main__:Extended key: b'P'
2025-05-14 21:20:45,239 - DEBUG:__main__:Key pressed: b'\xe0'
2025-05-14 21:20:45,239 - DEBUG:__main__:Extended key: b'P'
2025-05-14 21:20:45,270 - DEBUG:__main__:Key pressed: b'\xe0'
2025-05-14 21:20:45,270 - DEBUG:__main__:Extended key: b'P'
2025-05-14 21:20:45,315 - DEBUG:__main__:Key pressed: b'\xe0'
2025-05-14 21:20:45,315 - DEBUG:__main__:Extended key: b'P'
2025-05-14 21:20:45,348 - DEBUG:__main__:Key pressed: b'\xe0'
2025-05-14 21:20:45,348 - DEBUG:__main__:Extended key: b'P'
2025-05-14 21:20:45,379 - DEBUG:__main__:Key pressed: b'\xe0'
2025-05-14 21:20:45,379 - DEBUG:__main__:Extended key: b'P'
2025-05-14 21:20:45,409 - DEBUG:__main__:Key pressed: b'\xe0'
2025-05-14 21:20:45,409 - DEBUG:__main__:Extended key: b'P'
2025-05-14 21:20:46,246 - DEBUG:__main__:Key pressed: b'\xe0'
2025-05-14 21:20:46,246 - DEBUG:__main__:Extended key: b'P'
2025-05-14 21:20:47,156 - DEBUG:__main__:Key pressed: b'\xe0'
2025-05-14 21:20:47,156 - DEBUG:__main__:Extended key: b'H'
2025-05-14 21:20:48,377 - DEBUG:__main__:Key pressed: b'\r'
2025-05-14 21:20:48,377 - DEBUG:__main__:Selected option: Wizard (index 10)
2025-05-14 21:20:48,377 - DEBUG:__main__:Selected class: Wizard
2025-05-14 21:22:20,068 - DEBUG:__main__:Stats allocation completed
2025-05-14 21:22:25,080 - DEBUG:__main__:Key pressed: b'\r'
2025-05-14 21:22:25,080 - DEBUG:__main__:Selected option: Daze (index 0)
2025-05-14 21:22:26,896 - DEBUG:__main__:Key pressed: b'\xe0'
2025-05-14 21:22:26,896 - DEBUG:__main__:Extended key: b'P'
2025-05-14 21:22:27,191 - DEBUG:__main__:Key pressed: b'\r'
2025-05-14 21:22:27,191 - DEBUG:__main__:Selected option: Mage Hand (index 1)
2025-05-14 21:22:28,926 - DEBUG:__main__:Key pressed: b'\r'
2025-05-14 21:22:28,926 - DEBUG:__main__:Selected option: Daze (index 0)
2025-05-14 21:22:30,717 - DEBUG:__main__:Key pressed: b'\xe0'
2025-05-14 21:22:30,717 - DEBUG:__main__:Extended key: b'P'
2025-05-14 21:22:31,179 - DEBUG:__main__:Key pressed: b'\r'
2025-05-14 21:22:31,179 - DEBUG:__main__:Selected option: Mage Hand (index 1)
2025-05-14 21:22:33,899 - DEBUG:__main__:Key pressed: b'\xe0'
2025-05-14 21:22:33,899 - DEBUG:__main__:Extended key: b'P'
2025-05-14 21:22:35,274 - DEBUG:__main__:Key pressed: b'\r'
2025-05-14 21:22:35,274 - DEBUG:__main__:Selected option: Shield (index 1)
2025-05-14 21:22:37,553 - DEBUG:__main__:Key pressed: b'\r'
2025-05-14 21:22:37,553 - DEBUG:__main__:Selected option: Magic Missile (index 0)
2025-05-14 21:22:38,554 - DEBUG:__main__:Selected spells for Vaz: {0: ['Daze', 'Mage Hand', 'Daze', 'Mage Hand'], 1: ['Shield', 'Magic Missile']}
2025-05-14 21:22:39,565 - DEBUG:__main__:Key pressed: b'\r'
2025-05-14 21:22:39,565 - DEBUG:__main__:Selected option: Confirm Character (index 0)
2025-05-14 21:22:39,565 - DEBUG:__main__:Applied racial modifiers for Elf (Wood Elf): stats=[11, 10, 12, 15, 14, 15]
2025-05-14 21:22:39,565 - DEBUG:dnd_adventure.character:Calculated modifier for stat index 2 (value: 12): 1
2025-05-14 21:22:39,565 - DEBUG:dnd_adventure.character:Level 1 HP for Vaz: max hit die (d6) = 6, Con modifier = 1, Total = 7
2025-05-14 21:22:39,565 - INFO:dnd_adventure.character:Vaz HP updated: 7
2025-05-14 21:22:39,565 - DEBUG:dnd_adventure.character:Calculated modifier for stat index 3 (value: 15): 2
2025-05-14 21:22:39,565 - DEBUG:dnd_adventure.character:Level 1 skill points for Vaz: class=2, Int mod=2, base=16, Human bonus=0, Total=16
2025-05-14 21:22:39,565 - INFO:dnd_adventure.character:Vaz skill points updated: 16
2025-05-14 21:22:39,565 - DEBUG:dnd_adventure.character:Calculated modifier for stat index 3 (value: 15): 2
2025-05-14 21:22:39,565 - DEBUG:dnd_adventure.character:Calculated MP for Vaz: stat_mod=2, level=1, max_mp=9, mp=9, known_spells={0: ['Daze', 'Mage Hand', 'Daze', 'Mage Hand'], 1: ['Shield', 'Magic Missile']}
2025-05-14 21:22:44,703 - DEBUG:__main__:Character created: Vaz, Race: Elf (Wood Elf), Class: Wizard
2025-05-14 21:22:44,703 - DEBUG:dnd_adventure.dnd35e.core.world:Retrieved room 0: cold cave, exits={'east': 1, 'south': 3}
2025-05-14 21:22:44,703 - DEBUG:__main__:Room details: name=cold cave, description=This cave has cracked walls. The air smells damp., exits={'east': 1, 'south': 3}
2025-05-14 21:22:44,704 - DEBUG:__main__:Monsters in room: [Monster(Goblin, Type: Humanoid, CR: 0.33, AC: 15, HP: 7, SPD: 30 ft., Abilities: {'STR': 8, 'DEX': 14, 'CON': 10, 'INT': 10, 'WIS': 8, 'CHA': 8}, Attacks: [{'name': 'Scimitar', 'damage': '1d6+2', 'attack_bonus': 4}]), Monster(Goblin, Type: Humanoid, CR: 0.33, AC: 15, HP: 7, SPD: 30 ft., Abilities: {'STR': 8, 'DEX': 14, 'CON': 10, 'INT': 10, 'WIS': 8, 'CHA': 8}, Attacks: [{'name': 'Scimitar', 'damage': '1d6+2', 'attack_bonus': 4}]), Monster(Goblin, Type: Humanoid, CR: 0.33, AC: 15, HP: 7, SPD: 30 ft., Abilities: {'STR': 8, 'DEX': 14, 'CON': 10, 'INT': 10, 'WIS': 8, 'CHA': 8}, Attacks: [{'name': 'Scimitar', 'damage': '1d6+2', 'attack_bonus': 4}])]
2025-05-14 21:22:53,280 - DEBUG:__main__:Processing command: cast list
2025-05-14 21:23:14,573 - DEBUG:__main__:Processing command: cast 6 1
2025-05-14 21:23:14,573 - INFO:dnd_adventure.character:Vaz cast Magic Missile, MP reduced to 7/9
2025-05-14 21:23:14,573 - INFO:dnd_adventure.character:Vaz cast Magic Missile, dealt 4 damage to Goblin (HP: 3)
2025-05-14 21:23:14,573 - DEBUG:__main__:Goblin attack roll: d20=6, Bonus=4, Total=10 vs. Player AC=12
2025-05-14 21:23:14,573 - DEBUG:__main__:Goblin attack missed: roll=10, needed=12
2025-05-14 21:23:14,573 - DEBUG:__main__:Goblin attack roll: d20=11, Bonus=4, Total=15 vs. Player AC=12
2025-05-14 21:23:14,575 - INFO:__main__:Goblin dealt 4 damage to player
2025-05-14 21:23:14,575 - DEBUG:__main__:Goblin attack roll: d20=2, Bonus=4, Total=6 vs. Player AC=12
2025-05-14 21:23:14,576 - DEBUG:__main__:Goblin attack missed: roll=6, needed=12
2025-05-14 21:23:14,576 - DEBUG:__main__:Room details: name=cold cave, description=This cave has cracked walls. The air smells damp., exits={'east': 1, 'south': 3}
2025-05-14 21:23:14,577 - DEBUG:__main__:Monsters in room: [Monster(Goblin, Type: Humanoid, CR: 0.33, AC: 15, HP: 3, SPD: 30 ft., Abilities: {'STR': 8, 'DEX': 14, 'CON': 10, 'INT': 10, 'WIS': 8, 'CHA': 8}, Attacks: [{'name': 'Scimitar', 'damage': '1d6+2', 'attack_bonus': 4}]), Monster(Goblin, Type: Humanoid, CR: 0.33, AC: 15, HP: 7, SPD: 30 ft., Abilities: {'STR': 8, 'DEX': 14, 'CON': 10, 'INT': 10, 'WIS': 8, 'CHA': 8}, Attacks: [{'name': 'Scimitar', 'damage': '1d6+2', 'attack_bonus': 4}]), Monster(Goblin, Type: Humanoid, CR: 0.33, AC: 15, HP: 7, SPD: 30 ft., Abilities: {'STR': 8, 'DEX': 14, 'CON': 10, 'INT': 10, 'WIS': 8, 'CHA': 8}, Attacks: [{'name': 'Scimitar', 'damage': '1d6+2', 'attack_bonus': 4}])]
2025-05-14 21:23:20,428 - DEBUG:__main__:Processing command: cast 6 1
2025-05-14 21:23:20,428 - INFO:dnd_adventure.character:Vaz cast Magic Missile, MP reduced to 5/9
2025-05-14 21:23:20,428 - INFO:dnd_adventure.character:Vaz cast Magic Missile, dealt 5 damage to Goblin (HP: -2)
2025-05-14 21:23:20,429 - DEBUG:__main__:Goblin attack roll: d20=10, Bonus=4, Total=14 vs. Player AC=12
2025-05-14 21:23:20,429 - INFO:__main__:Goblin dealt 8 damage to player
2025-05-14 21:23:20,430 - INFO:__main__:Player Vaz died (HP: -5)
2025-05-14 21:23:20,430 - DEBUG:dnd_adventure.dnd35e.core.save_manager:Saving player Vaz: hit_points=-5, skill_points=16, level=1, stats=[11, 10, 12, 15, 14, 15]
2025-05-14 21:23:20,430 - INFO:__main__:Saved player Vaz to C:\Users\Vaz\Desktop\dnd_adventure\dnd_adventure\dnd35e\core\..\saves\Vaz.save
